     1 00000000                                 [FORMAT "WCOFF"]
     2 00000000                                 [INSTRSET "i486p"]
     3 00000000                                 [OPTIMIZE 1]
     4 00000000                                 [OPTION 1]
     5 00000000                                 [BITS 32]
     6 00000000                                 	EXTERN	_init_gdtidt
     7 00000000                                 	EXTERN	_init_pic
     8 00000000                                 	EXTERN	_io_sti
     9 00000000                                 	EXTERN	_fifo32_init
    10 00000000                                 	EXTERN	_init_pit
    11 00000000                                 	EXTERN	_init_keyboard
    12 00000000                                 	EXTERN	_enable_mouse
    13 00000000                                 	EXTERN	_io_out8
    14 00000000                                 	EXTERN	_memtest
    15 00000000                                 	EXTERN	_memman_init
    16 00000000                                 	EXTERN	_memman_free
    17 00000000                                 	EXTERN	_init_palette
    18 00000000                                 	EXTERN	_shtctl_init
    19 00000000                                 	EXTERN	_task_init
    20 00000000                                 	EXTERN	_task_run
    21 00000000                                 	EXTERN	_sheet_alloc
    22 00000000                                 	EXTERN	_memman_alloc_4k
    23 00000000                                 	EXTERN	_sheet_setbuf
    24 00000000                                 	EXTERN	_init_screen8
    25 00000000                                 	EXTERN	_init_mouse_cursor8
    26 00000000                                 	EXTERN	_sheet_slide
    27 00000000                                 	EXTERN	_sheet_updown
    28 00000000                                 	EXTERN	_fifo32_put
    29 00000000                                 	EXTERN	_file_readfat
    30 00000000                                 	EXTERN	_file_search
    31 00000000                                 	EXTERN	_file_loadfile2
    32 00000000                                 	EXTERN	_memman_free_4k
    33 00000000                                 	EXTERN	_fifo32_status
    34 00000000                                 	EXTERN	_io_cli
    35 00000000                                 	EXTERN	_fifo32_get
    36 00000000                                 	EXTERN	_sheet_free
    37 00000000                                 	EXTERN	_taskctl
    38 00000000                                 	EXTERN	_mouse_decode
    39 00000000                                 	EXTERN	_cons_putstr0
    40 00000000                                 	EXTERN	_asm_end_app
    41 00000000                                 	EXTERN	_keytable0.0
    42 00000000                                 	EXTERN	_wait_KBC_sendready
    43 00000000                                 	EXTERN	_keytable1.1
    44 00000000                                 	EXTERN	_task_sleep
    45 00000000                                 	EXTERN	_hankaku
    46 00000000                                 	EXTERN	_change_wtitle8
    47 00000000                                 	EXTERN	_task_alloc
    48 00000000                                 	EXTERN	_console_task
    49 00000000                                 	EXTERN	_make_window8
    50 00000000                                 	EXTERN	_make_textbox8
    51 00000000                                 [FILE "bootpack.c"]
    52                                          [SECTION .data]
    53 00000000                                 _keytable0.0:
    54 00000000 00                              	DB	0
    55 00000001 00                              	DB	0
    56 00000002 31                              	DB	49
    57 00000003 32                              	DB	50
    58 00000004 33                              	DB	51
    59 00000005 34                              	DB	52
    60 00000006 35                              	DB	53
    61 00000007 36                              	DB	54
    62 00000008 37                              	DB	55
    63 00000009 38                              	DB	56
    64 0000000A 39                              	DB	57
    65 0000000B 30                              	DB	48
    66 0000000C 2D                              	DB	45
    67 0000000D 5E                              	DB	94
    68 0000000E 08                              	DB	8
    69 0000000F 00                              	DB	0
    70 00000010 51                              	DB	81
    71 00000011 57                              	DB	87
    72 00000012 45                              	DB	69
    73 00000013 52                              	DB	82
    74 00000014 54                              	DB	84
    75 00000015 59                              	DB	89
    76 00000016 55                              	DB	85
    77 00000017 49                              	DB	73
    78 00000018 4F                              	DB	79
    79 00000019 50                              	DB	80
    80 0000001A 40                              	DB	64
    81 0000001B 5B                              	DB	91
    82 0000001C 0A                              	DB	10
    83 0000001D 00                              	DB	0
    84 0000001E 41                              	DB	65
    85 0000001F 53                              	DB	83
    86 00000020 44                              	DB	68
    87 00000021 46                              	DB	70
    88 00000022 47                              	DB	71
    89 00000023 48                              	DB	72
    90 00000024 4A                              	DB	74
    91 00000025 4B                              	DB	75
    92 00000026 4C                              	DB	76
    93 00000027 3B                              	DB	59
    94 00000028 3A                              	DB	58
    95 00000029 00                              	DB	0
    96 0000002A 00                              	DB	0
    97 0000002B 5D                              	DB	93
    98 0000002C 5A                              	DB	90
    99 0000002D 58                              	DB	88
   100 0000002E 43                              	DB	67
   101 0000002F 56                              	DB	86
   102 00000030 42                              	DB	66
   103 00000031 4E                              	DB	78
   104 00000032 4D                              	DB	77
   105 00000033 2C                              	DB	44
   106 00000034 2E                              	DB	46
   107 00000035 2F                              	DB	47
   108 00000036 00                              	DB	0
   109 00000037 2A                              	DB	42
   110 00000038 00                              	DB	0
   111 00000039 20                              	DB	32
   112 0000003A 00                              	DB	0
   113 0000003B 00                              	DB	0
   114 0000003C 00                              	DB	0
   115 0000003D 00                              	DB	0
   116 0000003E 00                              	DB	0
   117 0000003F 00                              	DB	0
   118 00000040 00                              	DB	0
   119 00000041 00                              	DB	0
   120 00000042 00                              	DB	0
   121 00000043 00                              	DB	0
   122 00000044 00                              	DB	0
   123 00000045 00                              	DB	0
   124 00000046 00                              	DB	0
   125 00000047 37                              	DB	55
   126 00000048 38                              	DB	56
   127 00000049 39                              	DB	57
   128 0000004A 2D                              	DB	45
   129 0000004B 34                              	DB	52
   130 0000004C 35                              	DB	53
   131 0000004D 36                              	DB	54
   132 0000004E 2B                              	DB	43
   133 0000004F 31                              	DB	49
   134 00000050 32                              	DB	50
   135 00000051 33                              	DB	51
   136 00000052 30                              	DB	48
   137 00000053 2E                              	DB	46
   138 00000054 00                              	DB	0
   139 00000055 00                              	DB	0
   140 00000056 00                              	DB	0
   141 00000057 00                              	DB	0
   142 00000058 00                              	DB	0
   143 00000059 00                              	DB	0
   144 0000005A 00                              	DB	0
   145 0000005B 00                              	DB	0
   146 0000005C 00                              	DB	0
   147 0000005D 00                              	DB	0
   148 0000005E 00                              	DB	0
   149 0000005F 00                              	DB	0
   150 00000060 00                              	DB	0
   151 00000061 00                              	DB	0
   152 00000062 00                              	DB	0
   153 00000063 00                              	DB	0
   154 00000064 00                              	DB	0
   155 00000065 00                              	DB	0
   156 00000066 00                              	DB	0
   157 00000067 00                              	DB	0
   158 00000068 00                              	DB	0
   159 00000069 00                              	DB	0
   160 0000006A 00                              	DB	0
   161 0000006B 00                              	DB	0
   162 0000006C 00                              	DB	0
   163 0000006D 00                              	DB	0
   164 0000006E 00                              	DB	0
   165 0000006F 00                              	DB	0
   166 00000070 00                              	DB	0
   167 00000071 00                              	DB	0
   168 00000072 00                              	DB	0
   169 00000073 5C                              	DB	92
   170 00000074 00                              	DB	0
   171 00000075 00                              	DB	0
   172 00000076 00                              	DB	0
   173 00000077 00                              	DB	0
   174 00000078 00                              	DB	0
   175 00000079 00                              	DB	0
   176 0000007A 00                              	DB	0
   177 0000007B 00                              	DB	0
   178 0000007C 00                              	DB	0
   179 0000007D 5C                              	DB	92
   180 0000007E 00                              	DB	0
   181 0000007F 00                              	DB	0
   182 00000080                                 _keytable1.1:
   183 00000080 00                              	DB	0
   184 00000081 00                              	DB	0
   185 00000082 21                              	DB	33
   186 00000083 22                              	DB	34
   187 00000084 23                              	DB	35
   188 00000085 24                              	DB	36
   189 00000086 25                              	DB	37
   190 00000087 26                              	DB	38
   191 00000088 27                              	DB	39
   192 00000089 28                              	DB	40
   193 0000008A 29                              	DB	41
   194 0000008B 7E                              	DB	126
   195 0000008C 3D                              	DB	61
   196 0000008D 7E                              	DB	126
   197 0000008E 08                              	DB	8
   198 0000008F 00                              	DB	0
   199 00000090 51                              	DB	81
   200 00000091 57                              	DB	87
   201 00000092 45                              	DB	69
   202 00000093 52                              	DB	82
   203 00000094 54                              	DB	84
   204 00000095 59                              	DB	89
   205 00000096 55                              	DB	85
   206 00000097 49                              	DB	73
   207 00000098 4F                              	DB	79
   208 00000099 50                              	DB	80
   209 0000009A 60                              	DB	96
   210 0000009B 7B                              	DB	123
   211 0000009C 0A                              	DB	10
   212 0000009D 00                              	DB	0
   213 0000009E 41                              	DB	65
   214 0000009F 53                              	DB	83
   215 000000A0 44                              	DB	68
   216 000000A1 46                              	DB	70
   217 000000A2 47                              	DB	71
   218 000000A3 48                              	DB	72
   219 000000A4 4A                              	DB	74
   220 000000A5 4B                              	DB	75
   221 000000A6 4C                              	DB	76
   222 000000A7 2B                              	DB	43
   223 000000A8 2A                              	DB	42
   224 000000A9 00                              	DB	0
   225 000000AA 00                              	DB	0
   226 000000AB 7D                              	DB	125
   227 000000AC 5A                              	DB	90
   228 000000AD 58                              	DB	88
   229 000000AE 43                              	DB	67
   230 000000AF 56                              	DB	86
   231 000000B0 42                              	DB	66
   232 000000B1 4E                              	DB	78
   233 000000B2 4D                              	DB	77
   234 000000B3 3C                              	DB	60
   235 000000B4 3E                              	DB	62
   236 000000B5 3F                              	DB	63
   237 000000B6 00                              	DB	0
   238 000000B7 2A                              	DB	42
   239 000000B8 00                              	DB	0
   240 000000B9 20                              	DB	32
   241 000000BA 00                              	DB	0
   242 000000BB 00                              	DB	0
   243 000000BC 00                              	DB	0
   244 000000BD 00                              	DB	0
   245 000000BE 00                              	DB	0
   246 000000BF 00                              	DB	0
   247 000000C0 00                              	DB	0
   248 000000C1 00                              	DB	0
   249 000000C2 00                              	DB	0
   250 000000C3 00                              	DB	0
   251 000000C4 00                              	DB	0
   252 000000C5 00                              	DB	0
   253 000000C6 00                              	DB	0
   254 000000C7 37                              	DB	55
   255 000000C8 38                              	DB	56
   256 000000C9 39                              	DB	57
   257 000000CA 2D                              	DB	45
   258 000000CB 34                              	DB	52
   259 000000CC 35                              	DB	53
   260 000000CD 36                              	DB	54
   261 000000CE 2B                              	DB	43
   262 000000CF 31                              	DB	49
   263 000000D0 32                              	DB	50
   264 000000D1 33                              	DB	51
   265 000000D2 30                              	DB	48
   266 000000D3 2E                              	DB	46
   267 000000D4 00                              	DB	0
   268 000000D5 00                              	DB	0
   269 000000D6 00                              	DB	0
   270 000000D7 00                              	DB	0
   271 000000D8 00                              	DB	0
   272 000000D9 00                              	DB	0
   273 000000DA 00                              	DB	0
   274 000000DB 00                              	DB	0
   275 000000DC 00                              	DB	0
   276 000000DD 00                              	DB	0
   277 000000DE 00                              	DB	0
   278 000000DF 00                              	DB	0
   279 000000E0 00                              	DB	0
   280 000000E1 00                              	DB	0
   281 000000E2 00                              	DB	0
   282 000000E3 00                              	DB	0
   283 000000E4 00                              	DB	0
   284 000000E5 00                              	DB	0
   285 000000E6 00                              	DB	0
   286 000000E7 00                              	DB	0
   287 000000E8 00                              	DB	0
   288 000000E9 00                              	DB	0
   289 000000EA 00                              	DB	0
   290 000000EB 00                              	DB	0
   291 000000EC 00                              	DB	0
   292 000000ED 00                              	DB	0
   293 000000EE 00                              	DB	0
   294 000000EF 00                              	DB	0
   295 000000F0 00                              	DB	0
   296 000000F1 00                              	DB	0
   297 000000F2 00                              	DB	0
   298 000000F3 5F                              	DB	95
   299 000000F4 00                              	DB	0
   300 000000F5 00                              	DB	0
   301 000000F6 00                              	DB	0
   302 000000F7 00                              	DB	0
   303 000000F8 00                              	DB	0
   304 000000F9 00                              	DB	0
   305 000000FA 00                              	DB	0
   306 000000FB 00                              	DB	0
   307 000000FC 00                              	DB	0
   308 000000FD 7C                              	DB	124
   309 000000FE 00                              	DB	0
   310 000000FF 00                              	DB	0
   311 00000100                                 LC0:
   312 00000100 6E 69 68 6F 6E 67 6F 2E 66 6E   	DB	"nihongo.fnt",0x00
       0000010A 74 00 
   313 0000010C                                 LC2:
   314 0000010C 0A 42 72 65 61 6B 28 6D 6F 75   	DB	0x0A,"Break(mouse) :",0x0A,0x00
       00000116 73 65 29 20 3A 0A 00 
   315 0000011D                                 LC1:
   316 0000011D 0A 42 72 65 61 6B 28 6B 65 79   	DB	0x0A,"Break(key) :",0x0A,0x00
       00000127 29 20 3A 0A 00 
   317                                          [SECTION .text]
   318 00000000                                 	GLOBAL	_HariMain
   319 00000000                                 _HariMain:
   320 00000000 55                              	PUSH	EBP
   321 00000001 89 E5                           	MOV	EBP,ESP
   322 00000003 57                              	PUSH	EDI
   323 00000004 56                              	PUSH	ESI
   324 00000005 53                              	PUSH	EBX
   325 00000006 8D 5D A4                        	LEA	EBX,DWORD [-92+EBP]
   326 00000009 81 EC 00000454                  	SUB	ESP,1108
   327 0000000F C7 85 FFFFFBE0 FFFFFFFF         	MOV	DWORD [-1056+EBP],-1
   328 00000019 C7 85 FFFFFBDC 00000000         	MOV	DWORD [-1060+EBP],0
   329 00000023 C7 85 FFFFFBD8 7FFFFFFF         	MOV	DWORD [-1064+EBP],2147483647
   330 0000002D C7 85 FFFFFBD4 00000000         	MOV	DWORD [-1068+EBP],0
   331 00000037 C7 85 FFFFFBC4 00000000         	MOV	DWORD [-1084+EBP],0
   332 00000041 A0 00000FF1                     	MOV	AL,BYTE [4081]
   333 00000046 C0 F8 04                        	SAR	AL,4
   334 00000049 89 C2                           	MOV	EDX,EAX
   335 0000004B 83 E2 07                        	AND	EDX,7
   336 0000004E 89 95 FFFFFBC0                  	MOV	DWORD [-1088+EBP],EDX
   337 00000054 C7 85 FFFFFBBC FFFFFFFF         	MOV	DWORD [-1092+EBP],-1
   338 0000005E C7 85 FFFFFBB8 FFFFFFFF         	MOV	DWORD [-1096+EBP],-1
   339 00000068 C7 85 FFFFFBB4 FFFFFFFF         	MOV	DWORD [-1100+EBP],-1
   340 00000072 C7 85 FFFFFBB0 00000000         	MOV	DWORD [-1104+EBP],0
   341 0000007C C7 85 FFFFFBAC 00000000         	MOV	DWORD [-1108+EBP],0
   342 00000086 E8 [00000000]                   	CALL	_init_gdtidt
   343 0000008B E8 [00000000]                   	CALL	_init_pic
   344 00000090 E8 [00000000]                   	CALL	_io_sti
   345 00000095 8D 85 FFFFFD84                  	LEA	EAX,DWORD [-636+EBP]
   346 0000009B 6A 00                           	PUSH	0
   347 0000009D 50                              	PUSH	EAX
   348 0000009E 68 00000080                     	PUSH	128
   349 000000A3 53                              	PUSH	EBX
   350 000000A4 E8 [00000000]                   	CALL	_fifo32_init
   351 000000A9 89 1D 00000FEC                  	MOV	DWORD [4076],EBX
   352 000000AF E8 [00000000]                   	CALL	_init_pit
   353 000000B4 68 00000100                     	PUSH	256
   354 000000B9 53                              	PUSH	EBX
   355 000000BA E8 [00000000]                   	CALL	_init_keyboard
   356 000000BF 8D 85 FFFFFCF4                  	LEA	EAX,DWORD [-780+EBP]
   357 000000C5 50                              	PUSH	EAX
   358 000000C6 68 00000200                     	PUSH	512
   359 000000CB 53                              	PUSH	EBX
   360 000000CC E8 [00000000]                   	CALL	_enable_mouse
   361 000000D1 83 C4 24                        	ADD	ESP,36
   362 000000D4 68 000000F8                     	PUSH	248
   363 000000D9 6A 21                           	PUSH	33
   364 000000DB E8 [00000000]                   	CALL	_io_out8
   365 000000E0 68 000000EF                     	PUSH	239
   366 000000E5 68 000000A1                     	PUSH	161
   367 000000EA E8 [00000000]                   	CALL	_io_out8
   368 000000EF 8D 85 FFFFFD04                  	LEA	EAX,DWORD [-764+EBP]
   369 000000F5 6A 00                           	PUSH	0
   370 000000F7 50                              	PUSH	EAX
   371 000000F8 8D 45 84                        	LEA	EAX,DWORD [-124+EBP]
   372 000000FB 6A 20                           	PUSH	32
   373 000000FD 50                              	PUSH	EAX
   374 000000FE E8 [00000000]                   	CALL	_fifo32_init
   375 00000103 83 C4 20                        	ADD	ESP,32
   376 00000106 68 BFFFFFFF                     	PUSH	-1073741825
   377 0000010B 68 00600000                     	PUSH	6291456
   378 00000110 E8 [00000000]                   	CALL	_memtest
   379 00000115 68 003C0000                     	PUSH	3932160
   380 0000011A 89 85 FFFFFBD0                  	MOV	DWORD [-1072+EBP],EAX
   381 00000120 E8 [00000000]                   	CALL	_memman_init
   382 00000125 68 0009E000                     	PUSH	647168
   383 0000012A 68 00001000                     	PUSH	4096
   384 0000012F 68 003C0000                     	PUSH	3932160
   385 00000134 E8 [00000000]                   	CALL	_memman_free
   386 00000139 8B 85 FFFFFBD0                  	MOV	EAX,DWORD [-1072+EBP]
   387 0000013F 2D 00600000                     	SUB	EAX,6291456
   388 00000144 50                              	PUSH	EAX
   389 00000145 68 00600000                     	PUSH	6291456
   390 0000014A 68 003C0000                     	PUSH	3932160
   391 0000014F E8 [00000000]                   	CALL	_memman_free
   392 00000154 83 C4 24                        	ADD	ESP,36
   393 00000157 E8 [00000000]                   	CALL	_init_palette
   394 0000015C 0F BF 05 00000FF6               	MOVSX	EAX,WORD [4086]
   395 00000163 50                              	PUSH	EAX
   396 00000164 0F BF 05 00000FF4               	MOVSX	EAX,WORD [4084]
   397 0000016B 50                              	PUSH	EAX
   398 0000016C FF 35 00000FF8                  	PUSH	DWORD [4088]
   399 00000172 68 003C0000                     	PUSH	3932160
   400 00000177 E8 [00000000]                   	CALL	_shtctl_init
   401 0000017C 68 003C0000                     	PUSH	3932160
   402 00000181 89 85 FFFFFBEC                  	MOV	DWORD [-1044+EBP],EAX
   403 00000187 E8 [00000000]                   	CALL	_task_init
   404 0000018C 6A 02                           	PUSH	2
   405 0000018E 6A 01                           	PUSH	1
   406 00000190 89 85 FFFFFBC8                  	MOV	DWORD [-1080+EBP],EAX
   407 00000196 50                              	PUSH	EAX
   408 00000197 89 45 BC                        	MOV	DWORD [-68+EBP],EAX
   409 0000019A E8 [00000000]                   	CALL	_task_run
   410 0000019F 83 C4 20                        	ADD	ESP,32
   411 000001A2 8B 85 FFFFFBC8                  	MOV	EAX,DWORD [-1080+EBP]
   412 000001A8 8B 95 FFFFFBEC                  	MOV	EDX,DWORD [-1044+EBP]
   413 000001AE 89 15 00000FE4                  	MOV	DWORD [4068],EDX
   414 000001B4 C6 80 000000BC 00               	MOV	BYTE [188+EAX],0
   415 000001BB 52                              	PUSH	EDX
   416 000001BC E8 [00000000]                   	CALL	_sheet_alloc
   417 000001C1 89 C6                           	MOV	ESI,EAX
   418 000001C3 0F BF 15 00000FF6               	MOVSX	EDX,WORD [4086]
   419 000001CA 0F BF 05 00000FF4               	MOVSX	EAX,WORD [4084]
   420 000001D1 0F AF C2                        	IMUL	EAX,EDX
   421 000001D4 50                              	PUSH	EAX
   422 000001D5 68 003C0000                     	PUSH	3932160
   423 000001DA E8 [00000000]                   	CALL	_memman_alloc_4k
   424 000001DF 6A FF                           	PUSH	-1
   425 000001E1 89 C3                           	MOV	EBX,EAX
   426 000001E3 0F BF 05 00000FF6               	MOVSX	EAX,WORD [4086]
   427 000001EA 50                              	PUSH	EAX
   428 000001EB 0F BF 05 00000FF4               	MOVSX	EAX,WORD [4084]
   429 000001F2 50                              	PUSH	EAX
   430 000001F3 53                              	PUSH	EBX
   431 000001F4 56                              	PUSH	ESI
   432 000001F5 E8 [00000000]                   	CALL	_sheet_setbuf
   433 000001FA 83 C4 20                        	ADD	ESP,32
   434 000001FD 0F BF 05 00000FF6               	MOVSX	EAX,WORD [4086]
   435 00000204 50                              	PUSH	EAX
   436 00000205 0F BF 05 00000FF4               	MOVSX	EAX,WORD [4084]
   437 0000020C 50                              	PUSH	EAX
   438 0000020D 53                              	PUSH	EBX
   439 0000020E 8D 9D FFFFFBF4                  	LEA	EBX,DWORD [-1036+EBP]
   440 00000214 E8 [00000000]                   	CALL	_init_screen8
   441 00000219 FF B5 FFFFFBD0                  	PUSH	DWORD [-1072+EBP]
   442 0000021F FF B5 FFFFFBEC                  	PUSH	DWORD [-1044+EBP]
   443 00000225 E8 00000B1A                     	CALL	_open_log
   444 0000022A FF B5 FFFFFBEC                  	PUSH	DWORD [-1044+EBP]
   445 00000230 89 C7                           	MOV	EDI,EAX
   446 00000232 E8 [00000000]                   	CALL	_sheet_alloc
   447 00000237 6A 63                           	PUSH	99
   448 00000239 6A 10                           	PUSH	16
   449 0000023B 89 85 FFFFFBCC                  	MOV	DWORD [-1076+EBP],EAX
   450 00000241 6A 10                           	PUSH	16
   451 00000243 53                              	PUSH	EBX
   452 00000244 50                              	PUSH	EAX
   453 00000245 E8 [00000000]                   	CALL	_sheet_setbuf
   454 0000024A 83 C4 2C                        	ADD	ESP,44
   455 0000024D 6A 63                           	PUSH	99
   456 0000024F 53                              	PUSH	EBX
   457 00000250 BB 00000002                     	MOV	EBX,2
   458 00000255 E8 [00000000]                   	CALL	_init_mouse_cursor8
   459 0000025A 0F BF 05 00000FF4               	MOVSX	EAX,WORD [4084]
   460 00000261 8D 48 F0                        	LEA	ECX,DWORD [-16+EAX]
   461 00000264 89 C8                           	MOV	EAX,ECX
   462 00000266 99                              	CDQ
   463 00000267 F7 FB                           	IDIV	EBX
   464 00000269 89 85 FFFFFBE8                  	MOV	DWORD [-1048+EBP],EAX
   465 0000026F 0F BF 05 00000FF6               	MOVSX	EAX,WORD [4086]
   466 00000276 6A 00                           	PUSH	0
   467 00000278 8D 48 D4                        	LEA	ECX,DWORD [-44+EAX]
   468 0000027B 6A 00                           	PUSH	0
   469 0000027D 89 C8                           	MOV	EAX,ECX
   470 0000027F 56                              	PUSH	ESI
   471 00000280 99                              	CDQ
   472 00000281 F7 FB                           	IDIV	EBX
   473 00000283 89 85 FFFFFBE4                  	MOV	DWORD [-1052+EBP],EAX
   474 00000289 E8 [00000000]                   	CALL	_sheet_slide
   475 0000028E 6A 04                           	PUSH	4
   476 00000290 68 00000200                     	PUSH	512
   477 00000295 57                              	PUSH	EDI
   478 00000296 E8 [00000000]                   	CALL	_sheet_slide
   479 0000029B 83 C4 20                        	ADD	ESP,32
   480 0000029E FF B5 FFFFFBE4                  	PUSH	DWORD [-1052+EBP]
   481 000002A4 FF B5 FFFFFBE8                  	PUSH	DWORD [-1048+EBP]
   482 000002AA FF B5 FFFFFBCC                  	PUSH	DWORD [-1076+EBP]
   483 000002B0 E8 [00000000]                   	CALL	_sheet_slide
   484 000002B5 6A 00                           	PUSH	0
   485 000002B7 56                              	PUSH	ESI
   486 000002B8 E8 [00000000]                   	CALL	_sheet_updown
   487 000002BD 6A 01                           	PUSH	1
   488 000002BF 57                              	PUSH	EDI
   489 000002C0 E8 [00000000]                   	CALL	_sheet_updown
   490 000002C5 6A 02                           	PUSH	2
   491 000002C7 FF B5 FFFFFBCC                  	PUSH	DWORD [-1076+EBP]
   492 000002CD E8 [00000000]                   	CALL	_sheet_updown
   493 000002D2 83 C4 24                        	ADD	ESP,36
   494 000002D5 FF B5 FFFFFBD0                  	PUSH	DWORD [-1072+EBP]
   495 000002DB FF B5 FFFFFBEC                  	PUSH	DWORD [-1044+EBP]
   496 000002E1 E8 000009DF                     	CALL	_open_console
   497 000002E6 6A 04                           	PUSH	4
   498 000002E8 6A 20                           	PUSH	32
   499 000002EA 89 C7                           	MOV	EDI,EAX
   500 000002EC 50                              	PUSH	EAX
   501 000002ED E8 [00000000]                   	CALL	_sheet_slide
   502 000002F2 8B 95 FFFFFBEC                  	MOV	EDX,DWORD [-1044+EBP]
   503 000002F8 FF 72 10                        	PUSH	DWORD [16+EDX]
   504 000002FB 57                              	PUSH	EDI
   505 000002FC E8 [00000000]                   	CALL	_sheet_updown
   506 00000301 57                              	PUSH	EDI
   507 00000302 E8 000008EA                     	CALL	_keywin_on
   508 00000307 8D 45 84                        	LEA	EAX,DWORD [-124+EBP]
   509 0000030A 83 C4 20                        	ADD	ESP,32
   510 0000030D 68 000000ED                     	PUSH	237
   511 00000312 50                              	PUSH	EAX
   512 00000313 E8 [00000000]                   	CALL	_fifo32_put
   513 00000318 8D 55 84                        	LEA	EDX,DWORD [-124+EBP]
   514 0000031B FF B5 FFFFFBC0                  	PUSH	DWORD [-1088+EBP]
   515 00000321 52                              	PUSH	EDX
   516 00000322 E8 [00000000]                   	CALL	_fifo32_put
   517 00000327 68 00002D00                     	PUSH	11520
   518 0000032C 68 003C0000                     	PUSH	3932160
   519 00000331 E8 [00000000]                   	CALL	_memman_alloc_4k
   520 00000336 68 00100200                     	PUSH	1049088
   521 0000033B 89 C3                           	MOV	EBX,EAX
   522 0000033D 50                              	PUSH	EAX
   523 0000033E E8 [00000000]                   	CALL	_file_readfat
   524 00000343 83 C4 20                        	ADD	ESP,32
   525 00000346 68 000000E0                     	PUSH	224
   526 0000034B 68 00102600                     	PUSH	1058304
   527 00000350 68 [00000100]                   	PUSH	LC0
   528 00000355 E8 [00000000]                   	CALL	_file_search
   529 0000035A 83 C4 0C                        	ADD	ESP,12
   530 0000035D 89 C2                           	MOV	EDX,EAX
   531 0000035F 85 C0                           	TEST	EAX,EAX
   532 00000361 0F 84 000007F2                  	JE	L2
   533 00000367 8B 40 1C                        	MOV	EAX,DWORD [28+EAX]
   534 0000036A 53                              	PUSH	EBX
   535 0000036B 89 85 FFFFFBF0                  	MOV	DWORD [-1040+EBP],EAX
   536 00000371 8D 85 FFFFFBF0                  	LEA	EAX,DWORD [-1040+EBP]
   537 00000377 50                              	PUSH	EAX
   538 00000378 0F B7 42 1A                     	MOVZX	EAX,WORD [26+EDX]
   539 0000037C 50                              	PUSH	EAX
   540 0000037D E8 [00000000]                   	CALL	_file_loadfile2
   541 00000382 83 C4 0C                        	ADD	ESP,12
   542 00000385 89 C1                           	MOV	ECX,EAX
   543 00000387                                 L3:
   544 00000387 89 0D 00000FE8                  	MOV	DWORD [4072],ECX
   545 0000038D 68 00002D00                     	PUSH	11520
   546 00000392 53                              	PUSH	EBX
   547 00000393 68 003C0000                     	PUSH	3932160
   548 00000398 E8 [00000000]                   	CALL	_memman_free_4k
   549 0000039D                                 L91:
   550 0000039D 83 C4 0C                        	ADD	ESP,12
   551 000003A0                                 L14:
   552 000003A0 8D 5D 84                        	LEA	EBX,DWORD [-124+EBP]
   553 000003A3 53                              	PUSH	EBX
   554 000003A4 E8 [00000000]                   	CALL	_fifo32_status
   555 000003A9 5A                              	POP	EDX
   556 000003AA 85 C0                           	TEST	EAX,EAX
   557 000003AC 7E 0D                           	JLE	L17
   558 000003AE 83 BD FFFFFBBC 00               	CMP	DWORD [-1092+EBP],0
   559 000003B5 0F 88 00000778                  	JS	L95
   560 000003BB                                 L17:
   561 000003BB 8D 5D A4                        	LEA	EBX,DWORD [-92+EBP]
   562 000003BE E8 [00000000]                   	CALL	_io_cli
   563 000003C3 53                              	PUSH	EBX
   564 000003C4 E8 [00000000]                   	CALL	_fifo32_status
   565 000003C9 5E                              	POP	ESI
   566 000003CA 85 C0                           	TEST	EAX,EAX
   567 000003CC 0F 84 00000702                  	JE	L96
   568 000003D2 53                              	PUSH	EBX
   569 000003D3 E8 [00000000]                   	CALL	_fifo32_get
   570 000003D8 89 85 FFFFFBF0                  	MOV	DWORD [-1040+EBP],EAX
   571 000003DE E8 [00000000]                   	CALL	_io_sti
   572 000003E3 5B                              	POP	EBX
   573 000003E4 85 FF                           	TEST	EDI,EDI
   574 000003E6 74 27                           	JE	L24
   575 000003E8 83 7F 1C 00                     	CMP	DWORD [28+EDI],0
   576 000003EC 75 21                           	JNE	L24
   577 000003EE 8B 95 FFFFFBEC                  	MOV	EDX,DWORD [-1044+EBP]
   578 000003F4 31 FF                           	XOR	EDI,EDI
   579 000003F6 8B 42 10                        	MOV	EAX,DWORD [16+EDX]
   580 000003F9 83 F8 01                        	CMP	EAX,1
   581 000003FC 74 11                           	JE	L24
   582 000003FE 8B 95 FFFFFBEC                  	MOV	EDX,DWORD [-1044+EBP]
   583 00000404 8B 7C 82 10                     	MOV	EDI,DWORD [16+EDX+EAX*4]
   584 00000408 57                              	PUSH	EDI
   585 00000409 E8 000007E3                     	CALL	_keywin_on
   586 0000040E 59                              	POP	ECX
   587 0000040F                                 L24:
   588 0000040F 8B 95 FFFFFBF0                  	MOV	EDX,DWORD [-1040+EBP]
   589 00000415 8D 82 FFFFFF00                  	LEA	EAX,DWORD [-256+EDX]
   590 0000041B 3D 000000FF                     	CMP	EAX,255
   591 00000420 0F 86 0000039B                  	JBE	L97
   592 00000426 8D 82 FFFFFE00                  	LEA	EAX,DWORD [-512+EDX]
   593 0000042C 3D 000000FF                     	CMP	EAX,255
   594 00000431 0F 86 00000093                  	JBE	L98
   595 00000437 8D 82 FFFFFD00                  	LEA	EAX,DWORD [-768+EDX]
   596 0000043D 3D 000000FF                     	CMP	EAX,255
   597 00000442 76 6E                           	JBE	L99
   598 00000444 8D 82 FFFFFC00                  	LEA	EAX,DWORD [-1024+EDX]
   599 0000044A 3D 000003E7                     	CMP	EAX,999
   600 0000044F 76 43                           	JBE	L100
   601 00000451 8D 82 FFFFF818                  	LEA	EAX,DWORD [-2024+EDX]
   602 00000457 3D 000000FF                     	CMP	EAX,255
   603 0000045C 0F 87 FFFFFF3E                  	JA	L14
   604 00000462 6B C2 28                        	IMUL	EAX,EDX,40
   605 00000465 03 85 FFFFFBEC                  	ADD	EAX,DWORD [-1044+EBP]
   606 0000046B 68 0000A500                     	PUSH	42240
   607 00000470 FF B0 FFFEC7D4                  	PUSH	DWORD [-79916+EAX]
   608 00000476 68 003C0000                     	PUSH	3932160
   609 0000047B 8D 98 FFFEC7D4                  	LEA	EBX,DWORD [-79916+EAX]
   610 00000481 E8 [00000000]                   	CALL	_memman_free_4k
   611 00000486 53                              	PUSH	EBX
   612 00000487 E8 [00000000]                   	CALL	_sheet_free
   613 0000048C 83 C4 10                        	ADD	ESP,16
   614 0000048F E9 FFFFFF0C                     	JMP	L14
   615 00000494                                 L100:
   616 00000494 69 D2 000000C0                  	IMUL	EDX,EDX,192
   617 0000049A 03 15 [00000000]                	ADD	EDX,DWORD [_taskctl]
   618 000004A0 8D 82 FFFD0FF8                  	LEA	EAX,DWORD [-192520+EDX]
   619 000004A6 50                              	PUSH	EAX
   620 000004A7 E8 00000917                     	CALL	_close_constask
   621 000004AC                                 L90:
   622 000004AC 58                              	POP	EAX
   623 000004AD E9 FFFFFEEE                     	JMP	L14
   624 000004B2                                 L99:
   625 000004B2 6B C2 28                        	IMUL	EAX,EDX,40
   626 000004B5 8B 95 FFFFFBEC                  	MOV	EDX,DWORD [-1044+EBP]
   627 000004BB 8D 84 10 FFFF8C14               	LEA	EAX,DWORD [-29676+EAX+EDX*1]
   628 000004C2 50                              	PUSH	EAX
   629 000004C3 E8 0000093B                     	CALL	_close_console
   630 000004C8 EB E2                           	JMP	L90
   631 000004CA                                 L98:
   632 000004CA 0F B6 85 FFFFFBF0               	MOVZX	EAX,BYTE [-1040+EBP]
   633 000004D1 50                              	PUSH	EAX
   634 000004D2 8D 85 FFFFFCF4                  	LEA	EAX,DWORD [-780+EBP]
   635 000004D8 50                              	PUSH	EAX
   636 000004D9 E8 [00000000]                   	CALL	_mouse_decode
   637 000004DE 59                              	POP	ECX
   638 000004DF 5B                              	POP	EBX
   639 000004E0 85 C0                           	TEST	EAX,EAX
   640 000004E2 0F 84 FFFFFEB8                  	JE	L14
   641 000004E8 8B 85 FFFFFCFC                  	MOV	EAX,DWORD [-772+EBP]
   642 000004EE 8B 95 FFFFFCF8                  	MOV	EDX,DWORD [-776+EBP]
   643 000004F4 01 85 FFFFFBE4                  	ADD	DWORD [-1052+EBP],EAX
   644 000004FA 01 95 FFFFFBE8                  	ADD	DWORD [-1048+EBP],EDX
   645 00000500 0F 88 000002AC                  	JS	L101
   646 00000506                                 L57:
   647 00000506 83 BD FFFFFBE4 00               	CMP	DWORD [-1052+EBP],0
   648 0000050D 0F 88 00000290                  	JS	L102
   649 00000513                                 L58:
   650 00000513 0F BF 05 00000FF4               	MOVSX	EAX,WORD [4084]
   651 0000051A 48                              	DEC	EAX
   652 0000051B 39 85 FFFFFBE8                  	CMP	DWORD [-1048+EBP],EAX
   653 00000521 7E 06                           	JLE	L59
   654 00000523 89 85 FFFFFBE8                  	MOV	DWORD [-1048+EBP],EAX
   655 00000529                                 L59:
   656 00000529 0F BF 05 00000FF6               	MOVSX	EAX,WORD [4086]
   657 00000530 48                              	DEC	EAX
   658 00000531 39 85 FFFFFBE4                  	CMP	DWORD [-1052+EBP],EAX
   659 00000537 7E 06                           	JLE	L60
   660 00000539 89 85 FFFFFBE4                  	MOV	DWORD [-1052+EBP],EAX
   661 0000053F                                 L60:
   662 0000053F 8B 85 FFFFFBE8                  	MOV	EAX,DWORD [-1048+EBP]
   663 00000545 8B 95 FFFFFBE4                  	MOV	EDX,DWORD [-1052+EBP]
   664 0000054B 89 85 FFFFFBE0                  	MOV	DWORD [-1056+EBP],EAX
   665 00000551 89 95 FFFFFBDC                  	MOV	DWORD [-1060+EBP],EDX
   666 00000557 F7 85 FFFFFD00 00000001         	TEST	DWORD [-768+EBP],1
   667 00000561 75 40                           	JNE	L103
   668 00000563 C7 85 FFFFFBB8 FFFFFFFF         	MOV	DWORD [-1096+EBP],-1
   669 0000056D 81 BD FFFFFBD8 7FFFFFFF         	CMP	DWORD [-1064+EBP],2147483647
   670 00000577 0F 84 FFFFFE23                  	JE	L14
   671 0000057D                                 L92:
   672 0000057D FF B5 FFFFFBD4                  	PUSH	DWORD [-1068+EBP]
   673 00000583 FF B5 FFFFFBD8                  	PUSH	DWORD [-1064+EBP]
   674 00000589 FF B5 FFFFFBAC                  	PUSH	DWORD [-1108+EBP]
   675 0000058F E8 [00000000]                   	CALL	_sheet_slide
   676 00000594 C7 85 FFFFFBD8 7FFFFFFF         	MOV	DWORD [-1064+EBP],2147483647
   677 0000059E E9 FFFFFDFA                     	JMP	L91
   678 000005A3                                 L103:
   679 000005A3 83 BD FFFFFBB8 00               	CMP	DWORD [-1096+EBP],0
   680 000005AA 78 46                           	JS	L104
   681 000005AC 8B 9D FFFFFBE8                  	MOV	EBX,DWORD [-1048+EBP]
   682 000005B2 8B 85 FFFFFBB0                  	MOV	EAX,DWORD [-1104+EBP]
   683 000005B8 2B 9D FFFFFBB8                  	SUB	EBX,DWORD [-1096+EBP]
   684 000005BE 8B B5 FFFFFBE4                  	MOV	ESI,DWORD [-1052+EBP]
   685 000005C4 2B B5 FFFFFBB4                  	SUB	ESI,DWORD [-1100+EBP]
   686 000005CA 8B 95 FFFFFBE4                  	MOV	EDX,DWORD [-1052+EBP]
   687 000005D0 8D 5C 03 02                     	LEA	EBX,DWORD [2+EBX+EAX*1]
   688 000005D4 89 95 FFFFFBB4                  	MOV	DWORD [-1100+EBP],EDX
   689 000005DA 89 9D FFFFFBD8                  	MOV	DWORD [-1064+EBP],EBX
   690 000005E0 01 B5 FFFFFBD4                  	ADD	DWORD [-1068+EBP],ESI
   691 000005E6 83 A5 FFFFFBD8 FC               	AND	DWORD [-1064+EBP],-4
   692 000005ED E9 FFFFFDAE                     	JMP	L14
   693 000005F2                                 L104:
   694 000005F2 8B 85 FFFFFBEC                  	MOV	EAX,DWORD [-1044+EBP]
   695 000005F8 8B 40 10                        	MOV	EAX,DWORD [16+EAX]
   696 000005FB 89 85 FFFFFBA4                  	MOV	DWORD [-1116+EBP],EAX
   697 00000601 89 C1                           	MOV	ECX,EAX
   698 00000603                                 L94:
   699 00000603 49                              	DEC	ECX
   700 00000604 85 C9                           	TEST	ECX,ECX
   701 00000606 0F 8E FFFFFD94                  	JLE	L14
   702 0000060C 8B 95 FFFFFBEC                  	MOV	EDX,DWORD [-1044+EBP]
   703 00000612 8B B5 FFFFFBE4                  	MOV	ESI,DWORD [-1052+EBP]
   704 00000618 8B 9D FFFFFBE8                  	MOV	EBX,DWORD [-1048+EBP]
   705 0000061E 8B 54 8A 14                     	MOV	EDX,DWORD [20+EDX+ECX*4]
   706 00000622 89 95 FFFFFBAC                  	MOV	DWORD [-1108+EBP],EDX
   707 00000628 2B 72 10                        	SUB	ESI,DWORD [16+EDX]
   708 0000062B 2B 5A 0C                        	SUB	EBX,DWORD [12+EDX]
   709 0000062E 78 D3                           	JS	L94
   710 00000630 8B 42 04                        	MOV	EAX,DWORD [4+EDX]
   711 00000633 39 C3                           	CMP	EBX,EAX
   712 00000635 7D CC                           	JGE	L94
   713 00000637 85 F6                           	TEST	ESI,ESI
   714 00000639 78 C8                           	JS	L94
   715 0000063B 3B 72 08                        	CMP	ESI,DWORD [8+EDX]
   716 0000063E 7D C3                           	JGE	L94
   717 00000640 0F AF C6                        	IMUL	EAX,ESI
   718 00000643 89 85 FFFFFBA0                  	MOV	DWORD [-1120+EBP],EAX
   719 00000649 8B 12                           	MOV	EDX,DWORD [EDX]
   720 0000064B 8B 85 FFFFFBA0                  	MOV	EAX,DWORD [-1120+EBP]
   721 00000651 01 D8                           	ADD	EAX,EBX
   722 00000653 0F B6 04 10                     	MOVZX	EAX,BYTE [EAX+EDX*1]
   723 00000657 8B 95 FFFFFBAC                  	MOV	EDX,DWORD [-1108+EBP]
   724 0000065D 3B 42 14                        	CMP	EAX,DWORD [20+EDX]
   725 00000660 74 A1                           	JE	L94
   726 00000662 8B 85 FFFFFBA4                  	MOV	EAX,DWORD [-1116+EBP]
   727 00000668 48                              	DEC	EAX
   728 00000669 50                              	PUSH	EAX
   729 0000066A 52                              	PUSH	EDX
   730 0000066B E8 [00000000]                   	CALL	_sheet_updown
   731 00000670 39 BD FFFFFBAC                  	CMP	DWORD [-1108+EBP],EDI
   732 00000676 58                              	POP	EAX
   733 00000677 5A                              	POP	EDX
   734 00000678 74 14                           	JE	L69
   735 0000067A 57                              	PUSH	EDI
   736 0000067B E8 00000543                     	CALL	_keywin_off
   737 00000680 8B BD FFFFFBAC                  	MOV	EDI,DWORD [-1108+EBP]
   738 00000686 57                              	PUSH	EDI
   739 00000687 E8 00000565                     	CALL	_keywin_on
   740 0000068C 5A                              	POP	EDX
   741 0000068D 59                              	POP	ECX
   742 0000068E                                 L69:
   743 0000068E 83 FB 02                        	CMP	EBX,2
   744 00000691 7E 50                           	JLE	L70
   745 00000693 8B 95 FFFFFBAC                  	MOV	EDX,DWORD [-1108+EBP]
   746 00000699 8B 42 04                        	MOV	EAX,DWORD [4+EDX]
   747 0000069C 83 E8 03                        	SUB	EAX,3
   748 0000069F 39 C3                           	CMP	EBX,EAX
   749 000006A1 7D 40                           	JGE	L70
   750 000006A3 83 FE 02                        	CMP	ESI,2
   751 000006A6 7E 3B                           	JLE	L70
   752 000006A8 83 FE 14                        	CMP	ESI,20
   753 000006AB 7F 36                           	JG	L70
   754 000006AD 8B 85 FFFFFBE8                  	MOV	EAX,DWORD [-1048+EBP]
   755 000006B3 8B 95 FFFFFBE4                  	MOV	EDX,DWORD [-1052+EBP]
   756 000006B9 89 85 FFFFFBB8                  	MOV	DWORD [-1096+EBP],EAX
   757 000006BF 89 95 FFFFFBB4                  	MOV	DWORD [-1100+EBP],EDX
   758 000006C5 8B 85 FFFFFBAC                  	MOV	EAX,DWORD [-1108+EBP]
   759 000006CB 8B 95 FFFFFBAC                  	MOV	EDX,DWORD [-1108+EBP]
   760 000006D1 8B 40 0C                        	MOV	EAX,DWORD [12+EAX]
   761 000006D4 8B 52 10                        	MOV	EDX,DWORD [16+EDX]
   762 000006D7 89 85 FFFFFBB0                  	MOV	DWORD [-1104+EBP],EAX
   763 000006DD 89 95 FFFFFBD4                  	MOV	DWORD [-1068+EBP],EDX
   764 000006E3                                 L70:
   765 000006E3 8B 85 FFFFFBAC                  	MOV	EAX,DWORD [-1108+EBP]
   766 000006E9 8B 50 04                        	MOV	EDX,DWORD [4+EAX]
   767 000006EC 8D 42 EB                        	LEA	EAX,DWORD [-21+EDX]
   768 000006EF 39 D8                           	CMP	EAX,EBX
   769 000006F1 0F 8F FFFFFCA9                  	JG	L14
   770 000006F7 8D 42 FB                        	LEA	EAX,DWORD [-5+EDX]
   771 000006FA 39 C3                           	CMP	EBX,EAX
   772 000006FC 0F 8D FFFFFC9E                  	JGE	L14
   773 00000702 83 FE 04                        	CMP	ESI,4
   774 00000705 0F 8E FFFFFC95                  	JLE	L14
   775 0000070B 83 FE 12                        	CMP	ESI,18
   776 0000070E 0F 8F FFFFFC8C                  	JG	L14
   777 00000714 8B 95 FFFFFBAC                  	MOV	EDX,DWORD [-1108+EBP]
   778 0000071A F6 42 1C 10                     	TEST	BYTE [28+EDX],16
   779 0000071E 74 42                           	JE	L105
   780 00000720 8B 85 FFFFFBAC                  	MOV	EAX,DWORD [-1108+EBP]
   781 00000726 8B 58 24                        	MOV	EBX,DWORD [36+EAX]
   782 00000729 68 [0000010C]                   	PUSH	LC2
   783 0000072E FF B3 000000A4                  	PUSH	DWORD [164+EBX]
   784 00000734 E8 [00000000]                   	CALL	_cons_putstr0
   785 00000739 E8 [00000000]                   	CALL	_io_cli
   786 0000073E 8D 43 30                        	LEA	EAX,DWORD [48+EBX]
   787 00000741 89 43 54                        	MOV	DWORD [84+EBX],EAX
   788 00000744 C7 43 4C [00000000]             	MOV	DWORD [76+EBX],_asm_end_app
   789 0000074B E8 [00000000]                   	CALL	_io_sti
   790 00000750 6A 00                           	PUSH	0
   791 00000752 6A FF                           	PUSH	-1
   792 00000754 53                              	PUSH	EBX
   793 00000755 E8 [00000000]                   	CALL	_task_run
   794 0000075A 83 C4 14                        	ADD	ESP,20
   795 0000075D E9 FFFFFC3E                     	JMP	L14
   796 00000762                                 L105:
   797 00000762 8B 5A 24                        	MOV	EBX,DWORD [36+EDX]
   798 00000765 6A FF                           	PUSH	-1
   799 00000767 52                              	PUSH	EDX
   800 00000768 E8 [00000000]                   	CALL	_sheet_updown
   801 0000076D 57                              	PUSH	EDI
   802 0000076E E8 00000450                     	CALL	_keywin_off
   803 00000773 8B 95 FFFFFBEC                  	MOV	EDX,DWORD [-1044+EBP]
   804 00000779 8B 42 10                        	MOV	EAX,DWORD [16+EDX]
   805 0000077C 8B 7C 82 10                     	MOV	EDI,DWORD [16+EDX+EAX*4]
   806 00000780 57                              	PUSH	EDI
   807 00000781 E8 0000046B                     	CALL	_keywin_on
   808 00000786 E8 [00000000]                   	CALL	_io_cli
   809 0000078B 8D 43 10                        	LEA	EAX,DWORD [16+EBX]
   810 0000078E 6A 04                           	PUSH	4
   811 00000790 50                              	PUSH	EAX
   812 00000791 E8 [00000000]                   	CALL	_fifo32_put
   813 00000796 E8 [00000000]                   	CALL	_io_sti
   814 0000079B 83 C4 18                        	ADD	ESP,24
   815 0000079E E9 FFFFFBFD                     	JMP	L14
   816 000007A3                                 L102:
   817 000007A3 C7 85 FFFFFBE4 00000000         	MOV	DWORD [-1052+EBP],0
   818 000007AD E9 FFFFFD61                     	JMP	L58
   819 000007B2                                 L101:
   820 000007B2 C7 85 FFFFFBE8 00000000         	MOV	DWORD [-1048+EBP],0
   821 000007BC E9 FFFFFD45                     	JMP	L57
   822 000007C1                                 L97:
   823 000007C1 81 FA 0000017F                  	CMP	EDX,383
   824 000007C7 0F 8F 000002FE                  	JG	L28
   825 000007CD 83 BD FFFFFBC4 00               	CMP	DWORD [-1084+EBP],0
   826 000007D4 0F 85 000002E6                  	JNE	L29
   827 000007DA 8A 82 [FFFFFF00]                	MOV	AL,BYTE [_keytable0.0-256+EDX]
   828 000007E0                                 L93:
   829 000007E0 88 45 C4                        	MOV	BYTE [-60+EBP],AL
   830 000007E3                                 L31:
   831 000007E3 8A 55 C4                        	MOV	DL,BYTE [-60+EBP]
   832 000007E6 8D 42 BF                        	LEA	EAX,DWORD [-65+EDX]
   833 000007E9 3C 19                           	CMP	AL,25
   834 000007EB 77 1D                           	JA	L32
   835 000007ED F7 85 FFFFFBC0 00000004         	TEST	DWORD [-1088+EBP],4
   836 000007F7 0F 85 000002B4                  	JNE	L88
   837 000007FD 83 BD FFFFFBC4 00               	CMP	DWORD [-1084+EBP],0
   838 00000804 0F 84 0000029C                  	JE	L34
   839 0000080A                                 L32:
   840 0000080A 8A 45 C4                        	MOV	AL,BYTE [-60+EBP]
   841 0000080D 84 C0                           	TEST	AL,AL
   842 0000080F 74 1B                           	JE	L36
   843 00000811 85 FF                           	TEST	EDI,EDI
   844 00000813 74 17                           	JE	L36
   845 00000815 0F BE C0                        	MOVSX	EAX,AL
   846 00000818 05 00000100                     	ADD	EAX,256
   847 0000081D 50                              	PUSH	EAX
   848 0000081E 8B 47 24                        	MOV	EAX,DWORD [36+EDI]
   849 00000821 83 C0 10                        	ADD	EAX,16
   850 00000824 50                              	PUSH	EAX
   851 00000825 E8 [00000000]                   	CALL	_fifo32_put
   852 0000082A 58                              	POP	EAX
   853 0000082B 5A                              	POP	EDX
   854 0000082C                                 L36:
   855 0000082C 81 BD FFFFFBF0 0000010F         	CMP	DWORD [-1040+EBP],271
   856 00000836 0F 84 00000235                  	JE	L106
   857 0000083C                                 L37:
   858 0000083C 8B 85 FFFFFBF0                  	MOV	EAX,DWORD [-1040+EBP]
   859 00000842 3D 0000012A                     	CMP	EAX,298
   860 00000847 0F 84 00000218                  	JE	L107
   861 0000084D                                 L39:
   862 0000084D 3D 00000136                     	CMP	EAX,310
   863 00000852 0F 84 00000201                  	JE	L108
   864 00000858                                 L40:
   865 00000858 3D 000001AA                     	CMP	EAX,426
   866 0000085D 0F 84 000001EA                  	JE	L109
   867 00000863                                 L41:
   868 00000863 3D 000001B6                     	CMP	EAX,438
   869 00000868 0F 84 000001D3                  	JE	L110
   870 0000086E                                 L42:
   871 0000086E 3D 0000013A                     	CMP	EAX,314
   872 00000873 0F 84 0000019F                  	JE	L111
   873 00000879                                 L43:
   874 00000879 81 BD FFFFFBF0 00000145         	CMP	DWORD [-1040+EBP],325
   875 00000883 0F 84 00000166                  	JE	L112
   876 00000889                                 L44:
   877 00000889 81 BD FFFFFBF0 00000146         	CMP	DWORD [-1040+EBP],326
   878 00000893 0F 84 0000012D                  	JE	L113
   879 00000899                                 L45:
   880 00000899 81 BD FFFFFBF0 0000013B         	CMP	DWORD [-1040+EBP],315
   881 000008A3 0F 84 000000BA                  	JE	L114
   882 000008A9                                 L46:
   883 000008A9 81 BD FFFFFBF0 0000013C         	CMP	DWORD [-1040+EBP],316
   884 000008B3 74 60                           	JE	L115
   885 000008B5                                 L48:
   886 000008B5 81 BD FFFFFBF0 00000157         	CMP	DWORD [-1040+EBP],343
   887 000008BF 74 3D                           	JE	L116
   888 000008C1                                 L51:
   889 000008C1 8B 85 FFFFFBF0                  	MOV	EAX,DWORD [-1040+EBP]
   890 000008C7 3D 000001FA                     	CMP	EAX,506
   891 000008CC 74 24                           	JE	L117
   892 000008CE                                 L52:
   893 000008CE 3D 000001FE                     	CMP	EAX,510
   894 000008D3 0F 85 FFFFFAC7                  	JNE	L14
   895 000008D9 E8 [00000000]                   	CALL	_wait_KBC_sendready
   896 000008DE FF B5 FFFFFBBC                  	PUSH	DWORD [-1092+EBP]
   897 000008E4 6A 60                           	PUSH	96
   898 000008E6 E8 [00000000]                   	CALL	_io_out8
   899 000008EB 5E                              	POP	ESI
   900 000008EC 58                              	POP	EAX
   901 000008ED E9 FFFFFAAE                     	JMP	L14
   902 000008F2                                 L117:
   903 000008F2 C7 85 FFFFFBBC FFFFFFFF         	MOV	DWORD [-1092+EBP],-1
   904 000008FC EB D0                           	JMP	L52
   905 000008FE                                 L116:
   906 000008FE 8B 95 FFFFFBEC                  	MOV	EDX,DWORD [-1044+EBP]
   907 00000904 8B 42 10                        	MOV	EAX,DWORD [16+EDX]
   908 00000907 48                              	DEC	EAX
   909 00000908 50                              	PUSH	EAX
   910 00000909 FF 72 18                        	PUSH	DWORD [24+EDX]
   911 0000090C E8 [00000000]                   	CALL	_sheet_updown
   912 00000911 58                              	POP	EAX
   913 00000912 5A                              	POP	EDX
   914 00000913 EB AC                           	JMP	L51
   915 00000915                                 L115:
   916 00000915 83 BD FFFFFBC4 00               	CMP	DWORD [-1084+EBP],0
   917 0000091C 74 97                           	JE	L48
   918 0000091E 85 FF                           	TEST	EDI,EDI
   919 00000920 74 07                           	JE	L49
   920 00000922 57                              	PUSH	EDI
   921 00000923 E8 0000029B                     	CALL	_keywin_off
   922 00000928 59                              	POP	ECX
   923 00000929                                 L49:
   924 00000929 FF B5 FFFFFBD0                  	PUSH	DWORD [-1072+EBP]
   925 0000092F FF B5 FFFFFBEC                  	PUSH	DWORD [-1044+EBP]
   926 00000935 E8 0000038B                     	CALL	_open_console
   927 0000093A 6A 04                           	PUSH	4
   928 0000093C 6A 20                           	PUSH	32
   929 0000093E 89 C7                           	MOV	EDI,EAX
   930 00000940 50                              	PUSH	EAX
   931 00000941 E8 [00000000]                   	CALL	_sheet_slide
   932 00000946 8B 85 FFFFFBEC                  	MOV	EAX,DWORD [-1044+EBP]
   933 0000094C FF 70 10                        	PUSH	DWORD [16+EAX]
   934 0000094F 57                              	PUSH	EDI
   935 00000950 E8 [00000000]                   	CALL	_sheet_updown
   936 00000955 57                              	PUSH	EDI
   937 00000956 E8 00000296                     	CALL	_keywin_on
   938 0000095B 83 C4 20                        	ADD	ESP,32
   939 0000095E E9 FFFFFF52                     	JMP	L48
   940 00000963                                 L114:
   941 00000963 83 BD FFFFFBC4 00               	CMP	DWORD [-1084+EBP],0
   942 0000096A 0F 84 FFFFFF39                  	JE	L46
   943 00000970 85 FF                           	TEST	EDI,EDI
   944 00000972 0F 84 FFFFFF31                  	JE	L46
   945 00000978 8B 5F 24                        	MOV	EBX,DWORD [36+EDI]
   946 0000097B 85 DB                           	TEST	EBX,EBX
   947 0000097D 0F 84 FFFFFF26                  	JE	L46
   948 00000983 83 7B 34 00                     	CMP	DWORD [52+EBX],0
   949 00000987 0F 84 FFFFFF1C                  	JE	L46
   950 0000098D 68 [0000011D]                   	PUSH	LC1
   951 00000992 FF B3 000000A4                  	PUSH	DWORD [164+EBX]
   952 00000998 E8 [00000000]                   	CALL	_cons_putstr0
   953 0000099D E8 [00000000]                   	CALL	_io_cli
   954 000009A2 8D 43 30                        	LEA	EAX,DWORD [48+EBX]
   955 000009A5 89 43 54                        	MOV	DWORD [84+EBX],EAX
   956 000009A8 C7 43 4C [00000000]             	MOV	DWORD [76+EBX],_asm_end_app
   957 000009AF E8 [00000000]                   	CALL	_io_sti
   958 000009B4 6A 00                           	PUSH	0
   959 000009B6 6A FF                           	PUSH	-1
   960 000009B8 53                              	PUSH	EBX
   961 000009B9 E8 [00000000]                   	CALL	_task_run
   962 000009BE 83 C4 14                        	ADD	ESP,20
   963 000009C1 E9 FFFFFEE3                     	JMP	L46
   964 000009C6                                 L113:
   965 000009C6 68 000000ED                     	PUSH	237
   966 000009CB 8D 5D 84                        	LEA	EBX,DWORD [-124+EBP]
   967 000009CE 53                              	PUSH	EBX
   968 000009CF 83 B5 FFFFFBC0 01               	XOR	DWORD [-1088+EBP],1
   969 000009D6 E8 [00000000]                   	CALL	_fifo32_put
   970 000009DB FF B5 FFFFFBC0                  	PUSH	DWORD [-1088+EBP]
   971 000009E1 53                              	PUSH	EBX
   972 000009E2 E8 [00000000]                   	CALL	_fifo32_put
   973 000009E7 83 C4 10                        	ADD	ESP,16
   974 000009EA E9 FFFFFEAA                     	JMP	L45
   975 000009EF                                 L112:
   976 000009EF 68 000000ED                     	PUSH	237
   977 000009F4 8D 5D 84                        	LEA	EBX,DWORD [-124+EBP]
   978 000009F7 53                              	PUSH	EBX
   979 000009F8 83 B5 FFFFFBC0 02               	XOR	DWORD [-1088+EBP],2
   980 000009FF E8 [00000000]                   	CALL	_fifo32_put
   981 00000A04 FF B5 FFFFFBC0                  	PUSH	DWORD [-1088+EBP]
   982 00000A0A 53                              	PUSH	EBX
   983 00000A0B E8 [00000000]                   	CALL	_fifo32_put
   984 00000A10 83 C4 10                        	ADD	ESP,16
   985 00000A13 E9 FFFFFE71                     	JMP	L44
   986 00000A18                                 L111:
   987 00000A18 68 000000ED                     	PUSH	237
   988 00000A1D 8D 5D 84                        	LEA	EBX,DWORD [-124+EBP]
   989 00000A20 53                              	PUSH	EBX
   990 00000A21 83 B5 FFFFFBC0 04               	XOR	DWORD [-1088+EBP],4
   991 00000A28 E8 [00000000]                   	CALL	_fifo32_put
   992 00000A2D FF B5 FFFFFBC0                  	PUSH	DWORD [-1088+EBP]
   993 00000A33 53                              	PUSH	EBX
   994 00000A34 E8 [00000000]                   	CALL	_fifo32_put
   995 00000A39 83 C4 10                        	ADD	ESP,16
   996 00000A3C E9 FFFFFE38                     	JMP	L43
   997 00000A41                                 L110:
   998 00000A41 83 A5 FFFFFBC4 FD               	AND	DWORD [-1084+EBP],-3
   999 00000A48 E9 FFFFFE21                     	JMP	L42
  1000 00000A4D                                 L109:
  1001 00000A4D 83 A5 FFFFFBC4 FE               	AND	DWORD [-1084+EBP],-2
  1002 00000A54 E9 FFFFFE0A                     	JMP	L41
  1003 00000A59                                 L108:
  1004 00000A59 83 8D FFFFFBC4 02               	OR	DWORD [-1084+EBP],2
  1005 00000A60 E9 FFFFFDF3                     	JMP	L40
  1006 00000A65                                 L107:
  1007 00000A65 83 8D FFFFFBC4 01               	OR	DWORD [-1084+EBP],1
  1008 00000A6C E9 FFFFFDDC                     	JMP	L39
  1009 00000A71                                 L106:
  1010 00000A71 85 FF                           	TEST	EDI,EDI
  1011 00000A73 0F 84 FFFFFDC3                  	JE	L37
  1012 00000A79 57                              	PUSH	EDI
  1013 00000A7A E8 00000144                     	CALL	_keywin_off
  1014 00000A7F 8B 4F 18                        	MOV	ECX,DWORD [24+EDI]
  1015 00000A82 49                              	DEC	ECX
  1016 00000A83 5E                              	POP	ESI
  1017 00000A84 75 0A                           	JNE	L38
  1018 00000A86 8B 85 FFFFFBEC                  	MOV	EAX,DWORD [-1044+EBP]
  1019 00000A8C 8B 48 10                        	MOV	ECX,DWORD [16+EAX]
  1020 00000A8F 49                              	DEC	ECX
  1021 00000A90                                 L38:
  1022 00000A90 8B 95 FFFFFBEC                  	MOV	EDX,DWORD [-1044+EBP]
  1023 00000A96 8B 7C 8A 14                     	MOV	EDI,DWORD [20+EDX+ECX*4]
  1024 00000A9A 57                              	PUSH	EDI
  1025 00000A9B E8 00000151                     	CALL	_keywin_on
  1026 00000AA0 5B                              	POP	EBX
  1027 00000AA1 E9 FFFFFD96                     	JMP	L37
  1028 00000AA6                                 L34:
  1029 00000AA6 8D 42 20                        	LEA	EAX,DWORD [32+EDX]
  1030 00000AA9 88 45 C4                        	MOV	BYTE [-60+EBP],AL
  1031 00000AAC E9 FFFFFD59                     	JMP	L32
  1032 00000AB1                                 L88:
  1033 00000AB1 83 BD FFFFFBC4 00               	CMP	DWORD [-1084+EBP],0
  1034 00000AB8 0F 84 FFFFFD4C                  	JE	L32
  1035 00000ABE EB E6                           	JMP	L34
  1036 00000AC0                                 L29:
  1037 00000AC0 8A 82 [FFFFFF80]                	MOV	AL,BYTE [_keytable1.1-256+EDX]
  1038 00000AC6 E9 FFFFFD15                     	JMP	L93
  1039 00000ACB                                 L28:
  1040 00000ACB C6 45 C4 00                     	MOV	BYTE [-60+EBP],0
  1041 00000ACF E9 FFFFFD0F                     	JMP	L31
  1042 00000AD4                                 L96:
  1043 00000AD4 83 BD FFFFFBE0 00               	CMP	DWORD [-1056+EBP],0
  1044 00000ADB 79 2B                           	JNS	L118
  1045 00000ADD 81 BD FFFFFBD8 7FFFFFFF         	CMP	DWORD [-1064+EBP],2147483647
  1046 00000AE7 75 15                           	JNE	L119
  1047 00000AE9 FF B5 FFFFFBC8                  	PUSH	DWORD [-1080+EBP]
  1048 00000AEF E8 [00000000]                   	CALL	_task_sleep
  1049 00000AF4 E8 [00000000]                   	CALL	_io_sti
  1050 00000AF9 E9 FFFFF9AE                     	JMP	L90
  1051 00000AFE                                 L119:
  1052 00000AFE E8 [00000000]                   	CALL	_io_sti
  1053 00000B03 E9 FFFFFA75                     	JMP	L92
  1054 00000B08                                 L118:
  1055 00000B08 E8 [00000000]                   	CALL	_io_sti
  1056 00000B0D FF B5 FFFFFBDC                  	PUSH	DWORD [-1060+EBP]
  1057 00000B13 FF B5 FFFFFBE0                  	PUSH	DWORD [-1056+EBP]
  1058 00000B19 FF B5 FFFFFBCC                  	PUSH	DWORD [-1076+EBP]
  1059 00000B1F E8 [00000000]                   	CALL	_sheet_slide
  1060 00000B24 C7 85 FFFFFBE0 FFFFFFFF         	MOV	DWORD [-1056+EBP],-1
  1061 00000B2E E9 FFFFF86A                     	JMP	L91
  1062 00000B33                                 L95:
  1063 00000B33 53                              	PUSH	EBX
  1064 00000B34 E8 [00000000]                   	CALL	_fifo32_get
  1065 00000B39 89 85 FFFFFBBC                  	MOV	DWORD [-1092+EBP],EAX
  1066 00000B3F E8 [00000000]                   	CALL	_wait_KBC_sendready
  1067 00000B44 FF B5 FFFFFBBC                  	PUSH	DWORD [-1092+EBP]
  1068 00000B4A 6A 60                           	PUSH	96
  1069 00000B4C E8 [00000000]                   	CALL	_io_out8
  1070 00000B51 83 C4 0C                        	ADD	ESP,12
  1071 00000B54 E9 FFFFF862                     	JMP	L17
  1072 00000B59                                 L2:
  1073 00000B59 68 00023840                     	PUSH	145472
  1074 00000B5E 68 003C0000                     	PUSH	3932160
  1075 00000B63 E8 [00000000]                   	CALL	_memman_alloc_4k
  1076 00000B68 31 D2                           	XOR	EDX,EDX
  1077 00000B6A 5E                              	POP	ESI
  1078 00000B6B 89 C1                           	MOV	ECX,EAX
  1079 00000B6D C7 85 FFFFFBF0 00000000         	MOV	DWORD [-1040+EBP],0
  1080 00000B77 58                              	POP	EAX
  1081 00000B78                                 L8:
  1082 00000B78 8A 82 [00000000]                	MOV	AL,BYTE [_hankaku+EDX]
  1083 00000B7E 88 04 0A                        	MOV	BYTE [EDX+ECX*1],AL
  1084 00000B81 8B 85 FFFFFBF0                  	MOV	EAX,DWORD [-1040+EBP]
  1085 00000B87 40                              	INC	EAX
  1086 00000B88 89 85 FFFFFBF0                  	MOV	DWORD [-1040+EBP],EAX
  1087 00000B8E 89 C2                           	MOV	EDX,EAX
  1088 00000B90 3D 00000FFF                     	CMP	EAX,4095
  1089 00000B95 7E E1                           	JLE	L8
  1090 00000B97 C7 85 FFFFFBF0 00001000         	MOV	DWORD [-1040+EBP],4096
  1091 00000BA1 B8 00001000                     	MOV	EAX,4096
  1092 00000BA6                                 L13:
  1093 00000BA6 C6 04 08 FF                     	MOV	BYTE [EAX+ECX*1],-1
  1094 00000BAA 8B 85 FFFFFBF0                  	MOV	EAX,DWORD [-1040+EBP]
  1095 00000BB0 40                              	INC	EAX
  1096 00000BB1 89 85 FFFFFBF0                  	MOV	DWORD [-1040+EBP],EAX
  1097 00000BB7 3D 0002383F                     	CMP	EAX,145471
  1098 00000BBC 7E E8                           	JLE	L13
  1099 00000BBE E9 FFFFF7C4                     	JMP	L3
  1100 00000BC3                                 	GLOBAL	_keywin_off
  1101 00000BC3                                 _keywin_off:
  1102 00000BC3 55                              	PUSH	EBP
  1103 00000BC4 89 E5                           	MOV	EBP,ESP
  1104 00000BC6 53                              	PUSH	EBX
  1105 00000BC7 6A 00                           	PUSH	0
  1106 00000BC9 8B 5D 08                        	MOV	EBX,DWORD [8+EBP]
  1107 00000BCC 53                              	PUSH	EBX
  1108 00000BCD E8 [00000000]                   	CALL	_change_wtitle8
  1109 00000BD2 F6 43 1C 20                     	TEST	BYTE [28+EBX],32
  1110 00000BD6 59                              	POP	ECX
  1111 00000BD7 58                              	POP	EAX
  1112 00000BD8 75 05                           	JNE	L122
  1113 00000BDA                                 L120:
  1114 00000BDA 8B 5D FC                        	MOV	EBX,DWORD [-4+EBP]
  1115 00000BDD C9                              	LEAVE
  1116 00000BDE C3                              	RET
  1117 00000BDF                                 L122:
  1118 00000BDF 6A 03                           	PUSH	3
  1119 00000BE1 8B 43 24                        	MOV	EAX,DWORD [36+EBX]
  1120 00000BE4 83 C0 10                        	ADD	EAX,16
  1121 00000BE7 50                              	PUSH	EAX
  1122 00000BE8 E8 [00000000]                   	CALL	_fifo32_put
  1123 00000BED 58                              	POP	EAX
  1124 00000BEE 5A                              	POP	EDX
  1125 00000BEF EB E9                           	JMP	L120
  1126 00000BF1                                 	GLOBAL	_keywin_on
  1127 00000BF1                                 _keywin_on:
  1128 00000BF1 55                              	PUSH	EBP
  1129 00000BF2 89 E5                           	MOV	EBP,ESP
  1130 00000BF4 53                              	PUSH	EBX
  1131 00000BF5 6A 01                           	PUSH	1
  1132 00000BF7 8B 5D 08                        	MOV	EBX,DWORD [8+EBP]
  1133 00000BFA 53                              	PUSH	EBX
  1134 00000BFB E8 [00000000]                   	CALL	_change_wtitle8
  1135 00000C00 F6 43 1C 20                     	TEST	BYTE [28+EBX],32
  1136 00000C04 59                              	POP	ECX
  1137 00000C05 58                              	POP	EAX
  1138 00000C06 75 05                           	JNE	L125
  1139 00000C08                                 L123:
  1140 00000C08 8B 5D FC                        	MOV	EBX,DWORD [-4+EBP]
  1141 00000C0B C9                              	LEAVE
  1142 00000C0C C3                              	RET
  1143 00000C0D                                 L125:
  1144 00000C0D 6A 02                           	PUSH	2
  1145 00000C0F 8B 43 24                        	MOV	EAX,DWORD [36+EBX]
  1146 00000C12 83 C0 10                        	ADD	EAX,16
  1147 00000C15 50                              	PUSH	EAX
  1148 00000C16 E8 [00000000]                   	CALL	_fifo32_put
  1149 00000C1B 58                              	POP	EAX
  1150 00000C1C 5A                              	POP	EDX
  1151 00000C1D EB E9                           	JMP	L123
  1152 00000C1F                                 	GLOBAL	_open_constask
  1153 00000C1F                                 _open_constask:
  1154 00000C1F 55                              	PUSH	EBP
  1155 00000C20 89 E5                           	MOV	EBP,ESP
  1156 00000C22 56                              	PUSH	ESI
  1157 00000C23 53                              	PUSH	EBX
  1158 00000C24 E8 [00000000]                   	CALL	_task_alloc
  1159 00000C29 68 00000200                     	PUSH	512
  1160 00000C2E 68 003C0000                     	PUSH	3932160
  1161 00000C33 89 C3                           	MOV	EBX,EAX
  1162 00000C35 E8 [00000000]                   	CALL	_memman_alloc_4k
  1163 00000C3A 68 00010000                     	PUSH	65536
  1164 00000C3F 68 003C0000                     	PUSH	3932160
  1165 00000C44 89 C6                           	MOV	ESI,EAX
  1166 00000C46 E8 [00000000]                   	CALL	_memman_alloc_4k
  1167 00000C4B 8B 55 08                        	MOV	EDX,DWORD [8+EBP]
  1168 00000C4E C7 43 4C [00000000]             	MOV	DWORD [76+EBX],_console_task
  1169 00000C55 89 83 000000AC                  	MOV	DWORD [172+EBX],EAX
  1170 00000C5B 05 0000FFF4                     	ADD	EAX,65524
  1171 00000C60 89 43 64                        	MOV	DWORD [100+EBX],EAX
  1172 00000C63 C7 43 74 00000008               	MOV	DWORD [116+EBX],8
  1173 00000C6A C7 43 78 00000010               	MOV	DWORD [120+EBX],16
  1174 00000C71 C7 43 7C 00000008               	MOV	DWORD [124+EBX],8
  1175 00000C78 C7 83 00000080 00000008         	MOV	DWORD [128+EBX],8
  1176 00000C82 C7 83 00000084 00000008         	MOV	DWORD [132+EBX],8
  1177 00000C8C C7 83 00000088 00000008         	MOV	DWORD [136+EBX],8
  1178 00000C96 89 50 04                        	MOV	DWORD [4+EAX],EDX
  1179 00000C99 8B 53 64                        	MOV	EDX,DWORD [100+EBX]
  1180 00000C9C 8B 45 0C                        	MOV	EAX,DWORD [12+EBP]
  1181 00000C9F 89 42 08                        	MOV	DWORD [8+EDX],EAX
  1182 00000CA2 6A 02                           	PUSH	2
  1183 00000CA4 6A 02                           	PUSH	2
  1184 00000CA6 53                              	PUSH	EBX
  1185 00000CA7 E8 [00000000]                   	CALL	_task_run
  1186 00000CAC 8D 43 10                        	LEA	EAX,DWORD [16+EBX]
  1187 00000CAF 53                              	PUSH	EBX
  1188 00000CB0 56                              	PUSH	ESI
  1189 00000CB1 68 00000080                     	PUSH	128
  1190 00000CB6 50                              	PUSH	EAX
  1191 00000CB7 E8 [00000000]                   	CALL	_fifo32_init
  1192 00000CBC 8D 65 F8                        	LEA	ESP,DWORD [-8+EBP]
  1193 00000CBF 89 D8                           	MOV	EAX,EBX
  1194 00000CC1 5B                              	POP	EBX
  1195 00000CC2 5E                              	POP	ESI
  1196 00000CC3 5D                              	POP	EBP
  1197 00000CC4 C3                              	RET
  1198                                          [SECTION .data]
  1199 0000012C                                 LC3:
  1200 0000012C 63 6F 6E 73 6F 6C 65 00         	DB	"console",0x00
  1201                                          [SECTION .text]
  1202 00000CC5                                 	GLOBAL	_open_console
  1203 00000CC5                                 _open_console:
  1204 00000CC5 55                              	PUSH	EBP
  1205 00000CC6 89 E5                           	MOV	EBP,ESP
  1206 00000CC8 56                              	PUSH	ESI
  1207 00000CC9 53                              	PUSH	EBX
  1208 00000CCA FF 75 08                        	PUSH	DWORD [8+EBP]
  1209 00000CCD E8 [00000000]                   	CALL	_sheet_alloc
  1210 00000CD2 68 0000A500                     	PUSH	42240
  1211 00000CD7 68 003C0000                     	PUSH	3932160
  1212 00000CDC 89 C3                           	MOV	EBX,EAX
  1213 00000CDE E8 [00000000]                   	CALL	_memman_alloc_4k
  1214 00000CE3 6A FF                           	PUSH	-1
  1215 00000CE5 68 000000A5                     	PUSH	165
  1216 00000CEA 89 C6                           	MOV	ESI,EAX
  1217 00000CEC 68 00000100                     	PUSH	256
  1218 00000CF1 50                              	PUSH	EAX
  1219 00000CF2 53                              	PUSH	EBX
  1220 00000CF3 E8 [00000000]                   	CALL	_sheet_setbuf
  1221 00000CF8 83 C4 20                        	ADD	ESP,32
  1222 00000CFB 6A 00                           	PUSH	0
  1223 00000CFD 68 [0000012C]                   	PUSH	LC3
  1224 00000D02 68 000000A5                     	PUSH	165
  1225 00000D07 68 00000100                     	PUSH	256
  1226 00000D0C 56                              	PUSH	ESI
  1227 00000D0D E8 [00000000]                   	CALL	_make_window8
  1228 00000D12 6A 00                           	PUSH	0
  1229 00000D14 68 00000080                     	PUSH	128
  1230 00000D19 68 000000F0                     	PUSH	240
  1231 00000D1E 6A 1C                           	PUSH	28
  1232 00000D20 6A 08                           	PUSH	8
  1233 00000D22 53                              	PUSH	EBX
  1234 00000D23 E8 [00000000]                   	CALL	_make_textbox8
  1235 00000D28 83 C4 2C                        	ADD	ESP,44
  1236 00000D2B FF 75 0C                        	PUSH	DWORD [12+EBP]
  1237 00000D2E 53                              	PUSH	EBX
  1238 00000D2F E8 FFFFFEEB                     	CALL	_open_constask
  1239 00000D34 83 4B 1C 20                     	OR	DWORD [28+EBX],32
  1240 00000D38 89 43 24                        	MOV	DWORD [36+EBX],EAX
  1241 00000D3B 8D 65 F8                        	LEA	ESP,DWORD [-8+EBP]
  1242 00000D3E 89 D8                           	MOV	EAX,EBX
  1243 00000D40 5B                              	POP	EBX
  1244 00000D41 5E                              	POP	ESI
  1245 00000D42 5D                              	POP	EBP
  1246 00000D43 C3                              	RET
  1247                                          [SECTION .data]
  1248 00000134                                 LC4:
  1249 00000134 6C 6F 67 00                     	DB	"log",0x00
  1250                                          [SECTION .text]
  1251 00000D44                                 	GLOBAL	_open_log
  1252 00000D44                                 _open_log:
  1253 00000D44 55                              	PUSH	EBP
  1254 00000D45 89 E5                           	MOV	EBP,ESP
  1255 00000D47 56                              	PUSH	ESI
  1256 00000D48 53                              	PUSH	EBX
  1257 00000D49 FF 75 08                        	PUSH	DWORD [8+EBP]
  1258 00000D4C E8 [00000000]                   	CALL	_sheet_alloc
  1259 00000D51 68 00052800                     	PUSH	337920
  1260 00000D56 68 003C0000                     	PUSH	3932160
  1261 00000D5B 89 C3                           	MOV	EBX,EAX
  1262 00000D5D E8 [00000000]                   	CALL	_memman_alloc_4k
  1263 00000D62 6A FF                           	PUSH	-1
  1264 00000D64 68 00000294                     	PUSH	660
  1265 00000D69 89 C6                           	MOV	ESI,EAX
  1266 00000D6B 68 00000200                     	PUSH	512
  1267 00000D70 50                              	PUSH	EAX
  1268 00000D71 53                              	PUSH	EBX
  1269 00000D72 E8 [00000000]                   	CALL	_sheet_setbuf
  1270 00000D77 83 C4 20                        	ADD	ESP,32
  1271 00000D7A 6A 00                           	PUSH	0
  1272 00000D7C 68 [00000134]                   	PUSH	LC4
  1273 00000D81 68 00000294                     	PUSH	660
  1274 00000D86 68 00000200                     	PUSH	512
  1275 00000D8B 56                              	PUSH	ESI
  1276 00000D8C E8 [00000000]                   	CALL	_make_window8
  1277 00000D91 6A 00                           	PUSH	0
  1278 00000D93 68 0000026F                     	PUSH	623
  1279 00000D98 68 000001F0                     	PUSH	496
  1280 00000D9D 6A 1C                           	PUSH	28
  1281 00000D9F 6A 08                           	PUSH	8
  1282 00000DA1 53                              	PUSH	EBX
  1283 00000DA2 E8 [00000000]                   	CALL	_make_textbox8
  1284 00000DA7 83 C4 2C                        	ADD	ESP,44
  1285 00000DAA FF 75 0C                        	PUSH	DWORD [12+EBP]
  1286 00000DAD 53                              	PUSH	EBX
  1287 00000DAE E8 FFFFFE6C                     	CALL	_open_constask
  1288 00000DB3 83 4B 1C 20                     	OR	DWORD [28+EBX],32
  1289 00000DB7 89 43 24                        	MOV	DWORD [36+EBX],EAX
  1290 00000DBA 8D 65 F8                        	LEA	ESP,DWORD [-8+EBP]
  1291 00000DBD 89 D8                           	MOV	EAX,EBX
  1292 00000DBF 5B                              	POP	EBX
  1293 00000DC0 5E                              	POP	ESI
  1294 00000DC1 5D                              	POP	EBP
  1295 00000DC2 C3                              	RET
  1296 00000DC3                                 	GLOBAL	_close_constask
  1297 00000DC3                                 _close_constask:
  1298 00000DC3 55                              	PUSH	EBP
  1299 00000DC4 89 E5                           	MOV	EBP,ESP
  1300 00000DC6 53                              	PUSH	EBX
  1301 00000DC7 8B 5D 08                        	MOV	EBX,DWORD [8+EBP]
  1302 00000DCA 53                              	PUSH	EBX
  1303 00000DCB E8 [00000000]                   	CALL	_task_sleep
  1304 00000DD0 68 00010000                     	PUSH	65536
  1305 00000DD5 FF B3 000000AC                  	PUSH	DWORD [172+EBX]
  1306 00000DDB 68 003C0000                     	PUSH	3932160
  1307 00000DE0 E8 [00000000]                   	CALL	_memman_free_4k
  1308 00000DE5 68 00000200                     	PUSH	512
  1309 00000DEA FF 73 10                        	PUSH	DWORD [16+EBX]
  1310 00000DED 68 003C0000                     	PUSH	3932160
  1311 00000DF2 E8 [00000000]                   	CALL	_memman_free_4k
  1312 00000DF7 C7 43 04 00000000               	MOV	DWORD [4+EBX],0
  1313 00000DFE 8B 5D FC                        	MOV	EBX,DWORD [-4+EBP]
  1314 00000E01 C9                              	LEAVE
  1315 00000E02 C3                              	RET
  1316 00000E03                                 	GLOBAL	_close_console
  1317 00000E03                                 _close_console:
  1318 00000E03 55                              	PUSH	EBP
  1319 00000E04 89 E5                           	MOV	EBP,ESP
  1320 00000E06 56                              	PUSH	ESI
  1321 00000E07 53                              	PUSH	EBX
  1322 00000E08 8B 5D 08                        	MOV	EBX,DWORD [8+EBP]
  1323 00000E0B 8B 73 24                        	MOV	ESI,DWORD [36+EBX]
  1324 00000E0E 68 0000A500                     	PUSH	42240
  1325 00000E13 FF 33                           	PUSH	DWORD [EBX]
  1326 00000E15 68 003C0000                     	PUSH	3932160
  1327 00000E1A E8 [00000000]                   	CALL	_memman_free_4k
  1328 00000E1F 53                              	PUSH	EBX
  1329 00000E20 E8 [00000000]                   	CALL	_sheet_free
  1330 00000E25 89 75 08                        	MOV	DWORD [8+EBP],ESI
  1331 00000E28 83 C4 10                        	ADD	ESP,16
  1332 00000E2B 8D 65 F8                        	LEA	ESP,DWORD [-8+EBP]
  1333 00000E2E 5B                              	POP	EBX
  1334 00000E2F 5E                              	POP	ESI
  1335 00000E30 5D                              	POP	EBP
  1336 00000E31 EB 90                           	JMP	_close_constask
